<?xml version="1.0" encoding="UTF-8"?>
<!-- Generated by org.testng.reporters.JUnitReportReporter -->
<testsuite hostname="kiran-VAIO" name="testcases.hybridTestCases.AddEmployee" tests="1" failures="0" timestamp="31 Dec 2016 13:59:09 GMT" time="0.634" errors="0">
  <testcase name="generateReport" time="0.634" classname="testcases.hybridTestCases.AddEmployee"/>
</testsuite> <!-- testcases.hybridTestCases.AddEmployee -->
