<?xml version="1.0" encoding="UTF-8"?>
<!-- Generated by org.testng.reporters.JUnitReportReporter -->
<testsuite hostname="kiran-VAIO" name="testcases.hybridTestCases.addUser1" tests="1" failures="0" timestamp="31 Dec 2016 17:13:13 GMT" time="17.336" errors="0">
  <testcase name="addUserToApplication" time="17.336" classname="testcases.hybridTestCases.addUser1"/>
</testsuite> <!-- testcases.hybridTestCases.addUser1 -->
