<?xml version="1.0" encoding="UTF-8"?>
<!-- Generated by org.testng.reporters.JUnitReportReporter -->
<testsuite hostname="kiran-VAIO" name="testcases.FirstDDT" tests="2" failures="0" timestamp="20 Dec 2016 08:17:33 GMT" time="12.363" errors="0">
  <testcase name="loginDiffUser" time="7.001" classname="testcases.FirstDDT"/>
  <testcase name="loginDiffUser" time="5.362" classname="testcases.FirstDDT"/>
</testsuite> <!-- testcases.FirstDDT -->
