<?xml version="1.0" encoding="UTF-8"?>
<!-- Generated by org.testng.reporters.JUnitReportReporter -->
<testsuite hostname="kiran-VAIO" name="testcases.FirstTCUsingPageObject" tests="1" failures="0" timestamp="23 Dec 2016 09:02:11 GMT" time="27.039" errors="0">
  <testcase name="loginToApplication" time="27.039" classname="testcases.FirstTCUsingPageObject"/>
</testsuite> <!-- testcases.FirstTCUsingPageObject -->
