<?xml version="1.0" encoding="UTF-8"?>
<!-- Generated by org.testng.reporters.JUnitReportReporter -->
<testsuite hostname="kiran-VAIO" name="testcases.FirstDDT1" tests="4" failures="0" timestamp="21 Dec 2016 08:30:12 GMT" time="30.740" errors="0">
  <testcase name="loginDiffUser" time="6.980" classname="testcases.FirstDDT1"/>
  <testcase name="loginDiffUser" time="9.125" classname="testcases.FirstDDT1"/>
  <testcase name="loginDiffUser" time="7.630" classname="testcases.FirstDDT1"/>
  <testcase name="loginDiffUser" time="7.005" classname="testcases.FirstDDT1"/>
</testsuite> <!-- testcases.FirstDDT1 -->
