<?xml version="1.0" encoding="UTF-8"?>
<!-- Generated by org.testng.reporters.JUnitReportReporter -->
<testsuite hostname="kiran-VAIO" name="testcases.hybridTestCases.AddEmployee1" tests="1" failures="0" timestamp="29 Dec 2016 10:58:52 GMT" time="0.570" errors="0">
  <testcase name="generateReport" time="0.570" classname="testcases.hybridTestCases.AddEmployee1"/>
</testsuite> <!-- testcases.hybridTestCases.AddEmployee1 -->
