<?xml version="1.0" encoding="UTF-8"?>
<!-- Generated by org.testng.reporters.JUnitReportReporter -->
<testsuite hostname="kiran-VAIO" name="testcases.hybridTestCases.addUserWithReport" tests="2" failures="0" timestamp="4 Jan 2017 09:03:13 GMT" time="28.275" errors="0">
  <testcase name="addUserToApplication" time="25.351" classname="testcases.hybridTestCases.addUserWithReport"/>
  <testcase name="searchUSer" time="2.924" classname="testcases.hybridTestCases.addUserWithReport"/>
</testsuite> <!-- testcases.hybridTestCases.addUserWithReport -->
