<?xml version="1.0" encoding="UTF-8"?>
<!-- Generated by org.testng.reporters.JUnitReportReporter -->
<testsuite hostname="kiran-VAIO" name="testcases.hybridTestCases.addUser" tests="1" failures="0" timestamp="25 Dec 2016 17:12:14 GMT" time="24.500" errors="0">
  <testcase name="addUserToApplication" time="24.500" classname="testcases.hybridTestCases.addUser"/>
</testsuite> <!-- testcases.hybridTestCases.addUser -->
