<?xml version="1.0" encoding="UTF-8"?>
<!-- Generated by org.testng.reporters.JUnitReportReporter -->
<testsuite hostname="kiran-VAIO" name="testcases.hybridTestCases.addUserDyn1" tests="1" failures="0" timestamp="31 Dec 2016 17:21:14 GMT" time="18.395" errors="0">
  <testcase name="addUserToApplication" time="18.395" classname="testcases.hybridTestCases.addUserDyn1"/>
</testsuite> <!-- testcases.hybridTestCases.addUserDyn1 -->
